<?xml version="1.0" encoding="UTF-8"?>
<testsuite xmlns:xsi="http://www.w3.org/2001/XMLSchema-instance" xsi:noNamespaceSchemaLocation="https://maven.apache.org/surefire/maven-surefire-plugin/xsd/surefire-test-report-3.0.xsd" version="3.0" name="com.example.AssertionsTest" time="0.157" tests="5" errors="0" skipped="0" failures="0">
  <properties>
[...]
</properties>
  <testcase name="testAssertNotNull" classname="com.example.AssertionsTest" time="0.07"/>
  <testcase name="testAssertFalse" classname="com.example.AssertionsTest" time="0.004"/>
  <testcase name="testAssertEquals" classname="com.example.AssertionsTest" time="0.004"/>
  <testcase name="testAssertNull" classname="com.example.AssertionsTest" time="0.003"/>
  <testcase name="testAssertTrue" classname="com.example.AssertionsTest" time="0.002"/>
</testsuite>